INFO 2020-11-27 13:35:23,738 root : Сервер доступний. Час на сервері: 2020-11-27T11:35:23.737919
INFO 2020-11-27 13:35:23,739 root : Запитувана сторінка: : http://localhost:8000/health/
INFO 2020-11-27 13:35:23,739 root : Відповідь сервера місти наступні поля:
INFO 2020-11-27 13:35:23,739 root : Ключ: servername, Значення: lab server
INFO 2020-11-27 13:35:23,739 root : Ключ: random, Значення: 56
INFO 2020-11-27 13:35:23,739 root : Ключ: datetime, Значення: 2020-11-27T11:35:23.737919
INFO 2020-11-27 13:35:23,739 root : Ключ: server_url, Значення: http://localhost:8000/health/
INFO 2020-11-27 13:35:23,739 root : Ключ: server_iinfo, Значення: {'system': 'posix', 'srv_pid': 2697}
INFO 2020-11-27 13:35:23,739 root : Ключ: client_info, Значення: {'user agent': 'python-requests/2.22.0', 'remote addr': '127.0.0.1', 'remote host': ''}
INFO 2020-12-25 14:23:20,736 root : Сервер доступний. Час на сервері: 2020-12-25T12:23:20.734879
INFO 2020-12-25 14:23:20,769 root : Запитувана сторінка: : http://localhost:8000/health/
INFO 2020-12-25 14:23:20,769 root : Відповідь сервера місти наступні поля:
INFO 2020-12-25 14:23:20,769 root : Ключ: servername, Значення: lab server
INFO 2020-12-25 14:23:20,769 root : Ключ: random, Значення: 189
INFO 2020-12-25 14:23:20,769 root : Ключ: datetime, Значення: 2020-12-25T12:23:20.734879
INFO 2020-12-25 14:23:20,769 root : Ключ: server_url, Значення: http://localhost:8000/health/
INFO 2020-12-25 14:23:20,770 root : Ключ: server_iinfo, Значення: {'system': 'posix', 'srv_pid': 12}
INFO 2020-12-25 14:23:20,770 root : Ключ: client_info, Значення: {'user agent': 'python-requests/2.22.0', 'remote addr': '127.0.0.1', 'remote host': ''}
INFO 2020-12-25 14:26:28,478 root : Сервер доступний. Час на сервері: 2020-12-25T12:26:28.477357
INFO 2020-12-25 14:26:28,478 root : Запитувана сторінка: : http://localhost:8000/health/
INFO 2020-12-25 14:26:28,478 root : Відповідь сервера місти наступні поля:
INFO 2020-12-25 14:26:28,478 root : Ключ: servername, Значення: lab server
INFO 2020-12-25 14:26:28,478 root : Ключ: random, Значення: 130
INFO 2020-12-25 14:26:28,479 root : Ключ: datetime, Значення: 2020-12-25T12:26:28.477357
INFO 2020-12-25 14:26:28,479 root : Ключ: server_url, Значення: http://localhost:8000/health/
INFO 2020-12-25 14:26:28,479 root : Ключ: server_iinfo, Значення: {'system': 'posix', 'srv_pid': 12}
INFO 2020-12-25 14:26:28,479 root : Ключ: client_info, Значення: {'user agent': 'python-requests/2.22.0', 'remote addr': '127.0.0.1', 'remote host': ''}
ERROR 2020-12-25 14:27:26,475 root : Unable to conect to the server: HTTPConnectionPool(host='localhost', port=8000): Max retries exceeded with url: /health (Caused by NewConnectionError('<urllib3.connection.HTTPConnection object at 0x7f99cd9e8a60>: Failed to establish a new connection: [Errno 111] Connection refused'))
INFO 2020-12-25 14:28:26,776 root : Сервер доступний. Час на сервері: 2020-12-25T12:28:26.754234
INFO 2020-12-25 14:28:26,776 root : Запитувана сторінка: : http://localhost:8000/health/
INFO 2020-12-25 14:28:26,776 root : Відповідь сервера місти наступні поля:
INFO 2020-12-25 14:28:26,776 root : Ключ: servername, Значення: lab server
INFO 2020-12-25 14:28:26,776 root : Ключ: random, Значення: 82
INFO 2020-12-25 14:28:26,776 root : Ключ: datetime, Значення: 2020-12-25T12:28:26.754234
INFO 2020-12-25 14:28:26,776 root : Ключ: server_url, Значення: http://localhost:8000/health/
INFO 2020-12-25 14:28:26,777 root : Ключ: server_iinfo, Значення: {'system': 'posix', 'srv_pid': 12}
INFO 2020-12-25 14:28:26,777 root : Ключ: client_info, Значення: {'user agent': 'python-requests/2.22.0', 'remote addr': '127.0.0.1', 'remote host': ''}
INFO 2020-12-25 14:29:15,378 root : Сервер доступний. Час на сервері: 2020-12-25T12:29:15.377201
INFO 2020-12-25 14:29:15,378 root : Запитувана сторінка: : http://localhost:8000/health/
INFO 2020-12-25 14:29:15,378 root : Відповідь сервера місти наступні поля:
INFO 2020-12-25 14:29:15,378 root : Ключ: servername, Значення: lab server
INFO 2020-12-25 14:29:15,378 root : Ключ: random, Значення: 49
INFO 2020-12-25 14:29:15,378 root : Ключ: datetime, Значення: 2020-12-25T12:29:15.377201
INFO 2020-12-25 14:29:15,378 root : Ключ: server_url, Значення: http://localhost:8000/health/
INFO 2020-12-25 14:29:15,378 root : Ключ: server_iinfo, Значення: {'system': 'posix', 'srv_pid': 12}
INFO 2020-12-25 14:29:15,378 root : Ключ: client_info, Значення: {'user agent': 'python-requests/2.22.0', 'remote addr': '127.0.0.1', 'remote host': ''}
INFO 2020-12-25 14:29:32,014 root : Сервер доступний. Час на сервері: 2020-12-25T12:29:32.013419
INFO 2020-12-25 14:29:32,014 root : Запитувана сторінка: : http://localhost:8000/health/
INFO 2020-12-25 14:29:32,014 root : Відповідь сервера місти наступні поля:
INFO 2020-12-25 14:29:32,014 root : Ключ: servername, Значення: lab server
INFO 2020-12-25 14:29:32,014 root : Ключ: random, Значення: 172
INFO 2020-12-25 14:29:32,014 root : Ключ: datetime, Значення: 2020-12-25T12:29:32.013419
INFO 2020-12-25 14:29:32,014 root : Ключ: server_url, Значення: http://localhost:8000/health/
INFO 2020-12-25 14:29:32,014 root : Ключ: server_iinfo, Значення: {'system': 'posix', 'srv_pid': 12}
INFO 2020-12-25 14:29:32,015 root : Ключ: client_info, Значення: {'user agent': 'python-requests/2.22.0', 'remote addr': '127.0.0.1', 'remote host': ''}
INFO 2020-12-25 14:31:05,107 root : Сервер доступний. Час на сервері: 2020-12-25T12:31:05.106543
INFO 2020-12-25 14:31:05,107 root : Запитувана сторінка: : http://localhost:8000/health/
INFO 2020-12-25 14:31:05,107 root : Відповідь сервера місти наступні поля:
INFO 2020-12-25 14:31:05,107 root : Ключ: servername, Значення: lab server
INFO 2020-12-25 14:31:05,107 root : Ключ: random, Значення: 165
INFO 2020-12-25 14:31:05,107 root : Ключ: datetime, Значення: 2020-12-25T12:31:05.106543
INFO 2020-12-25 14:31:05,107 root : Ключ: server_url, Значення: http://localhost:8000/health/
INFO 2020-12-25 14:31:05,107 root : Ключ: server_iinfo, Значення: {'system': 'posix', 'srv_pid': 23964}
INFO 2020-12-25 14:31:05,107 root : Ключ: client_info, Значення: {'user agent': 'python-requests/2.22.0', 'remote addr': '127.0.0.1', 'remote host': ''}
